2020-11-01 14:29:21,790 - instabot version: 0.117.0 (bot) - INFO - Instabot version: 0.117.0 Started
2020-11-01 14:29:21,791 - instabot version: 0.117.0 (bot) - DEBUG - Bot imported from G:\python_setup\lib\site-packages\instabot\bot\bot.py
2020-11-01 14:29:21,792 - instabot version: 0.117.0 (api_login) - DEBUG - Loading cookies
2020-11-01 14:29:21,792 - instabot version: 0.117.0 (api_login) - DEBUG - Loading uuids
2020-11-01 14:29:21,792 - instabot version: 0.117.0 (api_login) - INFO - Recovery from E:\Quick python projects\instagram_uploader/config/Shiv_ka_ansh13_uuid_and_cookie.json: COOKIE True - UUIDs True - TIMING, DEVICE and ...
- user-agent=Instagram 117.0.0.28.123 Android (28/9.0; 420dpi; 1080x1920; OnePlus; ONEPLUS A3003; OnePlus3; qcom; en_US; 180322800)
- phone_id=652424d2-a155-44e8-bd48-17c520e43f43
- uuid=e609e5af-c0e1-444c-9c0b-d24dbf6d576a
- client_session_id=4276990b-2075-4b61-bce2-f04a04e02bf3
- device_id=android-b124b225dfe46ce5
2020-11-01 14:29:21,793 - instabot version: 0.117.0 (api_login) - INFO - LOGIN FLOW! Just logged-in: False
2020-11-01 14:29:23,804 - instabot version: 0.117.0 (api) - DEBUG - POST to endpoint: feed/timeline/ returned response: <Response [200]>
2020-11-01 14:29:25,119 - instabot version: 0.117.0 (api) - DEBUG - POST to endpoint: feed/reels_tray/ returned response: <Response [200]>
2020-11-01 14:29:25,125 - instabot version: 0.117.0 (api) - INFO - Logged-in successfully as 'Shiv_ka_ansh13'!
2020-11-01 14:29:25,125 - instabot version: 0.117.0 (bot_checkpoint) - DEBUG - Loading Checkpoint file from: E:\Quick python projects\instagram_uploader/config/Shiv_ka_ansh13.checkpoint
2020-11-01 14:30:34,790 - instabot version: 0.117.0 (api) - DEBUG - POST to endpoint: media/configure/? returned response: <Response [200]>
2020-11-01 14:30:35,412 - instabot version: 0.117.0 (api) - DEBUG - POST to endpoint: qe/expose/ returned response: <Response [200]>
2020-11-01 14:30:35,413 - instabot version: 0.117.0 (bot_photo) - INFO - Photo 'shiv.jpg' is uploaded.
2020-11-01 14:30:35,413 - instabot version: 0.117.0 (bot_checkpoint) - DEBUG - Saving Checkpoint file to: E:\Quick python projects\instagram_uploader/config/Shiv_ka_ansh13.checkpoint
2020-11-01 14:30:35,415 - instabot version: 0.117.0 (bot) - INFO - Total requests: 4
